<?xml version="1.0" encoding="utf-8"?><test-results date="2022-05-06" name="Library.Tests.Unit" total="1" errors="0" failures="0" ignored="0" not-run="0" inconclusive="0" skipped="0" invalid="0" time="09:49:23"><environment expecto-version="9.0.4.0" clr-version="6.0.4" os-version="Microsoft Windows NT 10.0.18363.0" platform="Win32NT" cwd="C:\dev\github.com\YamlFake" machine-name="CLT-SMOREELS1" user="smoreels" user-domain="CODIT" /><culture-info>Expecto.TestResults+xAttr@77-1[System.Object]en-BEExpecto.TestResults+xAttr@77-1[System.Object]en-US</culture-info><test-suite type="Assembly" name="Library.Tests.Unit" executed="True" result="Success" success="True" time="0.078" asserts="0"><results><test-case name="[A simple test]" executed="True" result="Success" success="True" time="0.020" asserts="0" /></results></test-suite></test-results>